Using pre-set license
Built from '2021.3/staging' branch; Version is '2021.3.4f1 (cb45f9cae8b7) revision 13321721'; Using compiler version '192829333'; Build Type 'Release'
OS: 'Windows 10  (10.0.19045) 64bit Professional' Language: 'zh' Physical Memory: 32587 MB
BatchMode: 1, IsHumanControllingUs: 0, StartBugReporterOnCrash: 0, Is64bit: 1, IsPro: 1

COMMAND LINE ARGUMENTS:
C:\Program Files\2021.3.4f1\Editor\Unity.exe
-adb2
-batchMode
-noUpm
-name
AssetImportWorker3
-projectPath
D:/111-2/VR虛擬情境/VR Room
-logFile
Logs/AssetImportWorker3.log
-srvPort
62460
Successfully changed project path to: D:/111-2/VR虛擬情境/VR Room
D:/111-2/VR虛擬情境/VR Room
[UnityMemory] Configuration Parameters - Can be set up in boot.config
    "memorysetup-bucket-allocator-granularity=16"
    "memorysetup-bucket-allocator-bucket-count=8"
    "memorysetup-bucket-allocator-block-size=33554432"
    "memorysetup-bucket-allocator-block-count=8"
    "memorysetup-main-allocator-block-size=16777216"
    "memorysetup-thread-allocator-block-size=16777216"
    "memorysetup-gfx-main-allocator-block-size=16777216"
    "memorysetup-gfx-thread-allocator-block-size=16777216"
    "memorysetup-cache-allocator-block-size=4194304"
    "memorysetup-typetree-allocator-block-size=2097152"
    "memorysetup-profiler-bucket-allocator-granularity=16"
    "memorysetup-profiler-bucket-allocator-bucket-count=8"
    "memorysetup-profiler-bucket-allocator-block-size=33554432"
    "memorysetup-profiler-bucket-allocator-block-count=8"
    "memorysetup-profiler-allocator-block-size=16777216"
    "memorysetup-profiler-editor-allocator-block-size=1048576"
    "memorysetup-temp-allocator-size-main=16777216"
    "memorysetup-job-temp-allocator-block-size=2097152"
    "memorysetup-job-temp-allocator-block-size-background=1048576"
    "memorysetup-job-temp-allocator-reduction-small-platforms=262144"
    "memorysetup-temp-allocator-size-background-worker=32768"
    "memorysetup-temp-allocator-size-job-worker=262144"
    "memorysetup-temp-allocator-size-preload-manager=33554432"
    "memorysetup-temp-allocator-size-nav-mesh-worker=65536"
    "memorysetup-temp-allocator-size-audio-worker=65536"
    "memorysetup-temp-allocator-size-cloud-worker=32768"
    "memorysetup-temp-allocator-size-gi-baking-worker=262144"
    "memorysetup-temp-allocator-size-gfx=262144"
Refreshing native plugins compatible for Editor in 244.78 ms, found 8 plugins.
Preloading 0 native plugins for Editor in 0.00 ms.
Initialize engine version: 2021.3.4f1 (cb45f9cae8b7)
[Subsystems] Discovering subsystems at path C:/Program Files/2021.3.4f1/Editor/Data/Resources/UnitySubsystems
[Subsystems] Discovering subsystems at path D:/111-2/VR虛擬情境/VR Room/Assets
GfxDevice: creating device client; threaded=0; jobified=0
Direct3D:
    Version:  Direct3D 11.0 [level 11.1]
    Renderer: NVIDIA GeForce RTX 2070 (ID=0x1f14)
    Vendor:   NVIDIA
    VRAM:     8019 MB
    Driver:   31.0.15.2849
Initialize mono
Mono path[0] = 'C:/Program Files/2021.3.4f1/Editor/Data/Managed'
Mono path[1] = 'C:/Program Files/2021.3.4f1/Editor/Data/MonoBleedingEdge/lib/mono/unityjit-win32'
Mono config path = 'C:/Program Files/2021.3.4f1/Editor/Data/MonoBleedingEdge/etc'
Using monoOptions --debugger-agent=transport=dt_socket,embedding=1,server=y,suspend=n,address=127.0.0.1:56192
Begin MonoManager ReloadAssembly
Registering precompiled unity dll's ...
Register platform support module: C:/Program Files/2021.3.4f1/Editor/Data/PlaybackEngines/WindowsStandaloneSupport/UnityEditor.WindowsStandalone.Extensions.dll
Registered in 0.021057 seconds.
Native extension for WindowsStandalone target not found
Refreshing native plugins compatible for Editor in 256.58 ms, found 8 plugins.
Preloading 0 native plugins for Editor in 0.00 ms.
Mono: successfully reloaded assembly
- Completed reload, in  1.333 seconds
Domain Reload Profiling:
	ReloadAssembly (1334ms)
		BeginReloadAssembly (200ms)
			ExecutionOrderSort (0ms)
			DisableScriptedObjects (0ms)
			BackupInstance (0ms)
			ReleaseScriptingObjects (0ms)
			CreateAndSetChildDomain (1ms)
		EndReloadAssembly (886ms)
			LoadAssemblies (189ms)
			RebuildTransferFunctionScriptingTraits (0ms)
			SetupTypeCache (192ms)
			ReleaseScriptCaches (0ms)
			RebuildScriptCaches (45ms)
			SetupLoadedEditorAssemblies (537ms)
				LogAssemblyErrors (0ms)
				InitializePlatformSupportModulesInManaged (15ms)
				SetLoadedEditorAssemblies (0ms)
				RefreshPlugins (257ms)
				BeforeProcessingInitializeOnLoad (2ms)
				ProcessInitializeOnLoadAttributes (185ms)
				ProcessInitializeOnLoadMethodAttributes (78ms)
				AfterProcessingInitializeOnLoad (0ms)
				EditorAssembliesLoaded (0ms)
			ExecutionOrderSort2 (0ms)
			AwakeInstancesAfterBackupRestoration (0ms)
Platform modules already initialized, skipping
Registering precompiled user dll's ...
Registered in 0.012815 seconds.
Begin MonoManager ReloadAssembly
Symbol file LoadedFromMemory doesn't match image D:\111-2\VR虛擬情境\VR Room\Library\PackageCache\com.unity.visualscripting@1.7.8\Editor\VisualScripting.Core\Dependencies\DotNetZip\Unity.VisualScripting.IonicZip.dll
Symbol file LoadedFromMemory doesn't match image D:\111-2\VR虛擬情境\VR Room\Library\PackageCache\com.unity.visualscripting@1.7.8\Editor\VisualScripting.Core\Dependencies\YamlDotNet\Unity.VisualScripting.YamlDotNet.dll
Native extension for WindowsStandalone target not found
Refreshing native plugins compatible for Editor in 190.70 ms, found 8 plugins.
Preloading 0 native plugins for Editor in 0.00 ms.
Package Manager log level set to [2]
Mono: successfully reloaded assembly
- Completed reload, in  1.961 seconds
Domain Reload Profiling:
	ReloadAssembly (1962ms)
		BeginReloadAssembly (191ms)
			ExecutionOrderSort (0ms)
			DisableScriptedObjects (7ms)
			BackupInstance (0ms)
			ReleaseScriptingObjects (0ms)
			CreateAndSetChildDomain (19ms)
		EndReloadAssembly (1582ms)
			LoadAssemblies (170ms)
			RebuildTransferFunctionScriptingTraits (0ms)
			SetupTypeCache (363ms)
			ReleaseScriptCaches (1ms)
			RebuildScriptCaches (79ms)
			SetupLoadedEditorAssemblies (955ms)
				LogAssemblyErrors (0ms)
				InitializePlatformSupportModulesInManaged (9ms)
				SetLoadedEditorAssemblies (0ms)
				RefreshPlugins (191ms)
				BeforeProcessingInitializeOnLoad (168ms)
				ProcessInitializeOnLoadAttributes (462ms)
				ProcessInitializeOnLoadMethodAttributes (95ms)
				AfterProcessingInitializeOnLoad (29ms)
				EditorAssembliesLoaded (0ms)
			ExecutionOrderSort2 (0ms)
			AwakeInstancesAfterBackupRestoration (10ms)
Platform modules already initialized, skipping
========================================================================
Worker process is ready to serve import requests
Launched and connected shader compiler UnityShaderCompiler.exe after 0.19 seconds
Refreshing native plugins compatible for Editor in 1.51 ms, found 8 plugins.
Preloading 0 native plugins for Editor in 0.00 ms.
Unloading 6098 Unused Serialized files (Serialized files now loaded: 0)
Unloading 68 unused Assets / (1.9 MB). Loaded Objects now: 6527.
Memory consumption went from 253.9 MB to 252.0 MB.
Total: 4.663800 ms (FindLiveObjects: 0.693000 ms CreateObjectMapping: 0.531800 ms MarkObjects: 2.840100 ms  DeleteObjects: 0.598000 ms)

AssetImportParameters requested are different than current active one (requested -> active):
  custom:video-decoder-ogg-theora: a1e56fd34408186e4bbccfd4996cb3dc -> 
  custom:container-muxer-webm: aa71ff27fc2769a1b78a27578f13a17b -> 
  custom:container-demuxer-webm: 4f35f7cbe854078d1ac9338744f61a02 -> 
  custom:video-encoder-webm-vp8: eb34c28f22e8b96e1ab97ce403110664 -> 
  custom:audio-encoder-webm-vorbis: bf7c407c2cedff20999df2af8eb42d56 -> 
  custom:framework-win-MediaFoundation: 216162199b28c13a410421893ffa2e32 -> 
  custom:container-demuxer-ogg: 62fdf1f143b41e24485cea50d1cbac27 -> 
  custom:video-decoder-webm-vp8: 9c59270c3fd7afecdb556c50c9e8de78 -> 
  custom:audio-decoder-ogg-vorbis: bf7c407c2cedff20999df2af8eb42d56 -> 
========================================================================
Received Prepare
Registering precompiled user dll's ...
Registered in 0.010452 seconds.
Begin MonoManager ReloadAssembly
Symbol file LoadedFromMemory doesn't match image D:\111-2\VR虛擬情境\VR Room\Library\PackageCache\com.unity.visualscripting@1.7.8\Editor\VisualScripting.Core\Dependencies\DotNetZip\Unity.VisualScripting.IonicZip.dll
Symbol file LoadedFromMemory doesn't match image D:\111-2\VR虛擬情境\VR Room\Library\PackageCache\com.unity.visualscripting@1.7.8\Editor\VisualScripting.Core\Dependencies\YamlDotNet\Unity.VisualScripting.YamlDotNet.dll
Native extension for WindowsStandalone target not found
Refreshing native plugins compatible for Editor in 3.43 ms, found 8 plugins.
Preloading 0 native plugins for Editor in 0.00 ms.
Mono: successfully reloaded assembly
- Completed reload, in  2.054 seconds
Domain Reload Profiling:
	ReloadAssembly (2055ms)
		BeginReloadAssembly (276ms)
			ExecutionOrderSort (0ms)
			DisableScriptedObjects (5ms)
			BackupInstance (0ms)
			ReleaseScriptingObjects (0ms)
			CreateAndSetChildDomain (56ms)
		EndReloadAssembly (1546ms)
			LoadAssemblies (218ms)
			RebuildTransferFunctionScriptingTraits (0ms)
			SetupTypeCache (377ms)
			ReleaseScriptCaches (2ms)
			RebuildScriptCaches (72ms)
			SetupLoadedEditorAssemblies (866ms)
				LogAssemblyErrors (0ms)
				InitializePlatformSupportModulesInManaged (22ms)
				SetLoadedEditorAssemblies (1ms)
				RefreshPlugins (4ms)
				BeforeProcessingInitializeOnLoad (153ms)
				ProcessInitializeOnLoadAttributes (523ms)
				ProcessInitializeOnLoadMethodAttributes (128ms)
				AfterProcessingInitializeOnLoad (35ms)
				EditorAssembliesLoaded (1ms)
			ExecutionOrderSort2 (0ms)
			AwakeInstancesAfterBackupRestoration (20ms)
Platform modules already initialized, skipping
Refreshing native plugins compatible for Editor in 11.36 ms, found 8 plugins.
Preloading 0 native plugins for Editor in 0.00 ms.
Unloading 5927 Unused Serialized files (Serialized files now loaded: 0)
Unloading 57 unused Assets / (1.9 MB). Loaded Objects now: 6531.
Memory consumption went from 261.9 MB to 260.0 MB.
Total: 7.283800 ms (FindLiveObjects: 0.874100 ms CreateObjectMapping: 1.383700 ms MarkObjects: 4.452700 ms  DeleteObjects: 0.571800 ms)

AssetImportParameters requested are different than current active one (requested -> active):
  custom:video-decoder-ogg-theora: a1e56fd34408186e4bbccfd4996cb3dc -> 
  custom:container-muxer-webm: aa71ff27fc2769a1b78a27578f13a17b -> 
  custom:container-demuxer-webm: 4f35f7cbe854078d1ac9338744f61a02 -> 
  custom:video-encoder-webm-vp8: eb34c28f22e8b96e1ab97ce403110664 -> 
  custom:audio-encoder-webm-vorbis: bf7c407c2cedff20999df2af8eb42d56 -> 
  custom:framework-win-MediaFoundation: 216162199b28c13a410421893ffa2e32 -> 
  custom:container-demuxer-ogg: 62fdf1f143b41e24485cea50d1cbac27 -> 
  custom:video-decoder-webm-vp8: 9c59270c3fd7afecdb556c50c9e8de78 -> 
  custom:audio-decoder-ogg-vorbis: bf7c407c2cedff20999df2af8eb42d56 -> 
========================================================================
Received Import Request.
  Time since last request: 230551.296419 seconds.
  path: Assets/Brick Project Studio/_BPS Basic Assets/Common/Materials/Basic Assets/BA_Marble_01.mat
  artifactKey: Guid(cb77271ecd71cbd4599aa533ebf5cc1e) Importer(815301076,1909f56bfc062723c751e8b465ee728b)
Start importing Assets/Brick Project Studio/_BPS Basic Assets/Common/Materials/Basic Assets/BA_Marble_01.mat using Guid(cb77271ecd71cbd4599aa533ebf5cc1e) Importer(815301076,1909f56bfc062723c751e8b465ee728b)  -> (artifact id: '6534e4fa184e11d43b3d77a4bdd138b8') in 0.410388 seconds 
========================================================================
Received Import Request.
  Time since last request: 0.000043 seconds.
  path: Assets/diningRoom/diningRoom/models/tables/squareLegsTable/squareLegsTable.fbx
  artifactKey: Guid(a5b5ebd6268979ffd93401ec8b2cc18c) Importer(815301076,1909f56bfc062723c751e8b465ee728b)
Start importing Assets/diningRoom/diningRoom/models/tables/squareLegsTable/squareLegsTable.fbx using Guid(a5b5ebd6268979ffd93401ec8b2cc18c) Importer(815301076,1909f56bfc062723c751e8b465ee728b)  -> (artifact id: 'dd2968a7fc3565e32e9e753737aab919') in 0.145031 seconds 
========================================================================
Received Import Request.
  Time since last request: 0.000058 seconds.
  path: Assets/old conflict/POLYGON city pack/Meshes,textures/Buildings_FBX/Materials/Black.mat
  artifactKey: Guid(4f7ccea6dc574aa448cc80ade94bd231) Importer(815301076,1909f56bfc062723c751e8b465ee728b)
Start importing Assets/old conflict/POLYGON city pack/Meshes,textures/Buildings_FBX/Materials/Black.mat using Guid(4f7ccea6dc574aa448cc80ade94bd231) Importer(815301076,1909f56bfc062723c751e8b465ee728b)  -> (artifact id: '5bf19e09f481432d7ae8e317dade2b1c') in 0.054106 seconds 
========================================================================
Received Import Request.
  Time since last request: 0.000032 seconds.
  path: Assets/_Course Library/_Prefabs/Bins/Bin_Round_Blue.prefab
  artifactKey: Guid(1ce821d9e7282cd498277a5e5cf36f05) Importer(815301076,1909f56bfc062723c751e8b465ee728b)
Start importing Assets/_Course Library/_Prefabs/Bins/Bin_Round_Blue.prefab using Guid(1ce821d9e7282cd498277a5e5cf36f05) Importer(815301076,1909f56bfc062723c751e8b465ee728b)  -> (artifact id: '82d8830a74f84ef5c0064b1d672dc7ab') in 0.159570 seconds 
========================================================================
Received Import Request.
  Time since last request: 0.000040 seconds.
  path: Assets/diningRoom/diningRoom/models/tables/circleTable/editableMaterial/baseTableMaterial.001.mat
  artifactKey: Guid(25a39b42dce45442fbc65d987895b673) Importer(815301076,1909f56bfc062723c751e8b465ee728b)
Start importing Assets/diningRoom/diningRoom/models/tables/circleTable/editableMaterial/baseTableMaterial.001.mat using Guid(25a39b42dce45442fbc65d987895b673) Importer(815301076,1909f56bfc062723c751e8b465ee728b)  -> (artifact id: 'e24a4bf8f8308f2f262ecef2762f73d6') in 0.040623 seconds 
========================================================================
Received Import Request.
  Time since last request: 0.000041 seconds.
  path: Assets/diningRoom/diningRoom/models/tableCenter/vases/vases.fbx
  artifactKey: Guid(d1852ba506e6518e5b8c6b098991b628) Importer(815301076,1909f56bfc062723c751e8b465ee728b)
Start importing Assets/diningRoom/diningRoom/models/tableCenter/vases/vases.fbx using Guid(d1852ba506e6518e5b8c6b098991b628) Importer(815301076,1909f56bfc062723c751e8b465ee728b)  -> (artifact id: 'bb79fcbbd959d23e25f285158e154bcc') in 0.124207 seconds 
========================================================================
Received Import Request.
  Time since last request: 0.000038 seconds.
  path: Assets/diningRoom/diningRoom/models/tableCenter/bottles/editableMaterial/blackPorcelainBottleMaterial.mat
  artifactKey: Guid(cc9775a7324a572518d9b8e40126a814) Importer(815301076,1909f56bfc062723c751e8b465ee728b)
Start importing Assets/diningRoom/diningRoom/models/tableCenter/bottles/editableMaterial/blackPorcelainBottleMaterial.mat using Guid(cc9775a7324a572518d9b8e40126a814) Importer(815301076,1909f56bfc062723c751e8b465ee728b)  -> (artifact id: '0eb34b06d67d7248f064f79826ef7094') in 0.079194 seconds 
========================================================================
Received Import Request.
  Time since last request: 0.566125 seconds.
  path: Assets/diningRoom/diningRoom/models/tableCenter/vases/editableMaterial/blackTableCenterMaterial.mat
  artifactKey: Guid(59a76b5a80c7503a9bbaa5b0e2d0c109) Importer(815301076,1909f56bfc062723c751e8b465ee728b)
Start importing Assets/diningRoom/diningRoom/models/tableCenter/vases/editableMaterial/blackTableCenterMaterial.mat using Guid(59a76b5a80c7503a9bbaa5b0e2d0c109) Importer(815301076,1909f56bfc062723c751e8b465ee728b)  -> (artifact id: 'e3b163d79ecbef0d68c155df987785fd') in 0.053901 seconds 
========================================================================
Received Import Request.
  Time since last request: 0.000046 seconds.
  path: Assets/_Course Library/_Prefabs/Objects/Electronics/Clock_Analog_Black.prefab
  artifactKey: Guid(278cd79b6d0575544a70c9035c7a440e) Importer(815301076,1909f56bfc062723c751e8b465ee728b)
Start importing Assets/_Course Library/_Prefabs/Objects/Electronics/Clock_Analog_Black.prefab using Guid(278cd79b6d0575544a70c9035c7a440e) Importer(815301076,1909f56bfc062723c751e8b465ee728b)  -> (artifact id: 'be5fa125a4f9835b082262343fcf1b49') in 0.047411 seconds 
========================================================================
Received Import Request.
  Time since last request: 0.000034 seconds.
  path: Assets/ATLAS/Customizable Kitchen Pack/Prefabs/Dishwasher_Black.prefab
  artifactKey: Guid(0cd6ac01fd1d1f84f8d0c3d87f560cba) Importer(815301076,1909f56bfc062723c751e8b465ee728b)
Start importing Assets/ATLAS/Customizable Kitchen Pack/Prefabs/Dishwasher_Black.prefab using Guid(0cd6ac01fd1d1f84f8d0c3d87f560cba) Importer(815301076,1909f56bfc062723c751e8b465ee728b)  -> (artifact id: 'b948a4ff4eff6a0365d00547099a1cfb') in 1.988025 seconds 
========================================================================
Received Import Request.
  Time since last request: 0.000025 seconds.
  path: Assets/_Course Library/_Prefabs/Mirrors/Mirror_Square_Black.prefab
  artifactKey: Guid(c34351a5319bcd74ab5f7a2f3ef5edcc) Importer(815301076,1909f56bfc062723c751e8b465ee728b)
Start importing Assets/_Course Library/_Prefabs/Mirrors/Mirror_Square_Black.prefab using Guid(c34351a5319bcd74ab5f7a2f3ef5edcc) Importer(815301076,1909f56bfc062723c751e8b465ee728b)  -> (artifact id: 'be1e36c21a63c861292204e8defa6691') in 0.108076 seconds 
========================================================================
Received Import Request.
  Time since last request: 0.000031 seconds.
  path: Assets/_Course Library/Source Files/Models/Fan_A_1.fbx
  artifactKey: Guid(748c068008049a445b43e59d1fcb1485) Importer(815301076,1909f56bfc062723c751e8b465ee728b)
Start importing Assets/_Course Library/Source Files/Models/Fan_A_1.fbx using Guid(748c068008049a445b43e59d1fcb1485) Importer(815301076,1909f56bfc062723c751e8b465ee728b)  -> (artifact id: 'e4ef970b4a8dd39544e6ab1ebf80dcca') in 0.147553 seconds 
========================================================================
Received Import Request.
  Time since last request: 0.000117 seconds.
  path: Assets/_Course Library/_Prefabs/Rugs/Mat_Rect_Black.prefab
  artifactKey: Guid(7d586b4a941812f4c96edf51d20fdc73) Importer(815301076,1909f56bfc062723c751e8b465ee728b)
Start importing Assets/_Course Library/_Prefabs/Rugs/Mat_Rect_Black.prefab using Guid(7d586b4a941812f4c96edf51d20fdc73) Importer(815301076,1909f56bfc062723c751e8b465ee728b)  -> (artifact id: '0cbc24c5187369760266ee8f5b555031') in 0.110378 seconds 
========================================================================
Received Import Request.
  Time since last request: 0.000086 seconds.
  path: Assets/_Course Library/_Prefabs/Objects/Hats/Hat_Witch_Black.prefab
  artifactKey: Guid(bb26561acd7e7ae4895b77c19a7f7487) Importer(815301076,1909f56bfc062723c751e8b465ee728b)
Start importing Assets/_Course Library/_Prefabs/Objects/Hats/Hat_Witch_Black.prefab using Guid(bb26561acd7e7ae4895b77c19a7f7487) Importer(815301076,1909f56bfc062723c751e8b465ee728b)  -> (artifact id: '182f126c96678b54369caa697abc73b9') in 0.092475 seconds 
========================================================================
Received Import Request.
  Time since last request: 0.000026 seconds.
  path: Assets/_Course Library/_Prefabs/Objects/Electronics/Tablet_Black.prefab
  artifactKey: Guid(3aa652a464bc0a443929c5bccea434f4) Importer(815301076,1909f56bfc062723c751e8b465ee728b)
Start importing Assets/_Course Library/_Prefabs/Objects/Electronics/Tablet_Black.prefab using Guid(3aa652a464bc0a443929c5bccea434f4) Importer(815301076,1909f56bfc062723c751e8b465ee728b)  -> (artifact id: '35ae9b636f7ed76f37bb6c3bda8ed858') in 0.073472 seconds 
========================================================================
Received Import Request.
  Time since last request: 0.000033 seconds.
  path: Assets/CoffeeShopStarterPack/Prefabs/PW_doughnut_blackNwhite.prefab
  artifactKey: Guid(80b8d62454dc44cf2984af37c98f941e) Importer(815301076,1909f56bfc062723c751e8b465ee728b)
Start importing Assets/CoffeeShopStarterPack/Prefabs/PW_doughnut_blackNwhite.prefab using Guid(80b8d62454dc44cf2984af37c98f941e) Importer(815301076,1909f56bfc062723c751e8b465ee728b)  -> (artifact id: '4808d58199ffcb01d29198fc644a8578') in 0.025253 seconds 
========================================================================
Received Import Request.
  Time since last request: 0.000057 seconds.
  path: Assets/_Course Library/Source Files/Textures/Mirror_Texture_Black.renderTexture
  artifactKey: Guid(5c66ef5a44f9143fea4b30a1fabe8fbb) Importer(815301076,1909f56bfc062723c751e8b465ee728b)
Start importing Assets/_Course Library/Source Files/Textures/Mirror_Texture_Black.renderTexture using Guid(5c66ef5a44f9143fea4b30a1fabe8fbb) Importer(815301076,1909f56bfc062723c751e8b465ee728b)  -> (artifact id: '5c54e14c9275e3c4d5523ab7c0fd0016') in 0.036262 seconds 
========================================================================
Received Import Request.
  Time since last request: 0.000029 seconds.
  path: Assets/_Course Library/_Prefabs/Objects/Hats/Hat_Captain_Black.prefab
  artifactKey: Guid(0d90b882636c6034b8e91bb072d0c083) Importer(815301076,1909f56bfc062723c751e8b465ee728b)
Start importing Assets/_Course Library/_Prefabs/Objects/Hats/Hat_Captain_Black.prefab using Guid(0d90b882636c6034b8e91bb072d0c083) Importer(815301076,1909f56bfc062723c751e8b465ee728b)  -> (artifact id: '93cdc3d5e795b945599eddd15057513d') in 0.043230 seconds 
========================================================================
Received Import Request.
  Time since last request: 0.000022 seconds.
  path: Assets/ATLAS/Customizable Kitchen Pack/Materials/Mapped/Fridge_Black.mat
  artifactKey: Guid(e82b34eeba1370b46a6206d89997e9fe) Importer(815301076,1909f56bfc062723c751e8b465ee728b)
Start importing Assets/ATLAS/Customizable Kitchen Pack/Materials/Mapped/Fridge_Black.mat using Guid(e82b34eeba1370b46a6206d89997e9fe) Importer(815301076,1909f56bfc062723c751e8b465ee728b)  -> (artifact id: 'f69ab329d227303680779274e12115db') in 0.086899 seconds 
========================================================================
Received Import Request.
  Time since last request: 0.000034 seconds.
  path: Assets/Brick Project Studio/Apartment Kit/Common/Materials/Surface/Mesh_Black.mat
  artifactKey: Guid(c8a87a4e32c07864dabf944c9797ff12) Importer(815301076,1909f56bfc062723c751e8b465ee728b)
Start importing Assets/Brick Project Studio/Apartment Kit/Common/Materials/Surface/Mesh_Black.mat using Guid(c8a87a4e32c07864dabf944c9797ff12) Importer(815301076,1909f56bfc062723c751e8b465ee728b)  -> (artifact id: 'ae4f5e22ce9d64c107ae820db758b52f') in 0.088015 seconds 
Editor requested this worker to shutdown with reason: Scaling down because of idle timeout
AssetImportWorker is now disconnected from the server
Process exiting
Exiting without the bug reporter. Application will terminate with return code 0